Command line:
   Accelerator_isim_beh.exe
     -simmode  gui
     -simrunnum  0
     -socket  65293

Sat Apr 14 12:28:50 2012


 Elaboration Time: 0.0312 sec

 Current Memory Usage: 512.754 Meg

 Total Signals          : 119
 Total Nets             : 358
 Total Signal Drivers   : 29
 Total Blocks           : 11
 Total Primitive Blocks : 8
 Total Processes        : 37
 Total Traceable Variables  : 70
 Total Scalar Nets and Variables : 978
In process Accelerator.vCont_169_3 
 FATAL ERROR:ISim: This application has discovered an exceptional condition from which it cannot recover. Process will terminate. To search for possible resolutions to this issue, refer to the Xilinx answer database by going to http://www.xilinx.com/support/answers/index.htm and search with keywords 'ISim' and 'FATAL ERROR'. For technical support on this issue, please open a WebCase with this project attached at http://www.xilinx.com/support.

 Total Simulation Time: 0.358801 sec

 Current Memory Usage: 548.102 Meg

Sat Apr 14 12:29:25 2012

