--------------------------------------------------------------------------------
Release 13.4 Trace  (nt64)
Copyright (c) 1995-2011 Xilinx, Inc.  All rights reserved.

C:\Xilinx\13.4\ISE_DS\ISE\bin\nt64\unwrapped\trce.exe -intstyle ise -v 3 -s 5
-n 3 -fastpaths -xml HelloWord.twx HelloWord.ncd -o HelloWord.twr HelloWord.pcf

Design file:              HelloWord.ncd
Physical constraint file: HelloWord.pcf
Device,package,speed:     xc3s700an,fgg484,-5 (PRODUCTION 1.42 2012-01-07)
Report level:             verbose report

Environment Variable      Effect 
--------------------      ------ 
NONE                      No environment variables were set
--------------------------------------------------------------------------------

INFO:Timing:2698 - No timing constraints found, doing default enumeration.
INFO:Timing:3412 - To improve timing, see the Timing Closure User Guide (UG612).
INFO:Timing:2752 - To get complete path coverage, use the unconstrained paths 
   option. All paths that are not constrained will be reported in the 
   unconstrained paths section(s) of the report.
INFO:Timing:3339 - The clock-to-out numbers in this timing report are based on 
   a 50 Ohm transmission line loading model.  For the details of this model, 
   and for more information on accounting for different loading conditions, 
   please see the device datasheet.
INFO:Timing:3390 - This architecture does not support a default System Jitter 
   value, please add SYSTEM_JITTER constraint to the UCF to modify the Clock 
   Uncertainty calculation.
INFO:Timing:3389 - This architecture does not support 'Discrete Jitter' and 
   'Phase Error' calculations, these terms will be zero in the Clock 
   Uncertainty calculation.  Please make appropriate modification to 
   SYSTEM_JITTER to account for the unsupported Discrete Jitter and Phase 
   Error.



Data Sheet report:
-----------------
All values displayed in nanoseconds (ns)

Setup/Hold to clock clk
------------+------------+------------+------------------+--------+
            |Max Setup to|Max Hold to |                  | Clock  |
Source      | clk (edge) | clk (edge) |Internal Clock(s) | Phase  |
------------+------------+------------+------------------+--------+
a<0>        |    6.329(R)|   -3.528(R)|clk_BUFGP         |   0.000|
a<1>        |    6.327(R)|   -3.537(R)|clk_BUFGP         |   0.000|
a<2>        |    6.134(R)|   -3.382(R)|clk_BUFGP         |   0.000|
a<3>        |    6.188(R)|   -3.585(R)|clk_BUFGP         |   0.000|
b<0>        |    6.357(R)|   -3.550(R)|clk_BUFGP         |   0.000|
b<1>        |    6.367(R)|   -3.568(R)|clk_BUFGP         |   0.000|
b<2>        |    6.368(R)|   -3.569(R)|clk_BUFGP         |   0.000|
b<3>        |    6.367(R)|   -3.728(R)|clk_BUFGP         |   0.000|
------------+------------+------------+------------------+--------+

Clock clk to Pad
------------+------------+------------------+--------+
            | clk (edge) |                  | Clock  |
Destination |   to PAD   |Internal Clock(s) | Phase  |
------------+------------+------------------+--------+
c<0>        |    7.719(R)|clk_BUFGP         |   0.000|
c<1>        |    8.040(R)|clk_BUFGP         |   0.000|
c<2>        |    7.515(R)|clk_BUFGP         |   0.000|
c<3>        |    8.434(R)|clk_BUFGP         |   0.000|
c<4>        |    7.743(R)|clk_BUFGP         |   0.000|
------------+------------+------------------+--------+

Clock to Setup on destination clock clk
---------------+---------+---------+---------+---------+
               | Src:Rise| Src:Fall| Src:Rise| Src:Fall|
Source Clock   |Dest:Rise|Dest:Rise|Dest:Fall|Dest:Fall|
---------------+---------+---------+---------+---------+
clk            |    2.686|         |         |         |
---------------+---------+---------+---------+---------+


Analysis completed Mon Feb 20 13:57:37 2012 
--------------------------------------------------------------------------------

Trace Settings:
-------------------------
Trace Settings 

Peak Memory Usage: 193 MB



