Command line:
   GlobalRegisters_isim_beh.exe
     -simmode  gui
     -simrunnum  0
     -socket  58747

Sat Apr 14 11:58:17 2012


 Elaboration Time: 0.0468 sec

 Current Memory Usage: 512.75 Meg

 Total Signals          : 19
 Total Nets             : 51
 Total Signal Drivers   : 9
 Total Blocks           : 2
 Total Primitive Blocks : 2
 Total Processes        : 10
 Total Traceable Variables  : 23
 Total Scalar Nets and Variables : 166
Total Line Count : 14

 Total Simulation Time: 0.0936 sec

 Current Memory Usage: 512.75 Meg

Sat Apr 14 11:58:53 2012

